<?xml version="1.0" encoding="UTF-8"?>
<testng-results ignored="0" total="1" passed="1" failed="0" skipped="0">
  <reporter-output>
  </reporter-output>
  <suite started-at="2024-03-08T16:41:04 IST" name="Default suite" finished-at="2024-03-08T16:41:09 IST" duration-ms="5251">
    <groups>
    </groups>
    <test started-at="2024-03-08T16:41:04 IST" name="Default test" finished-at="2024-03-08T16:41:09 IST" duration-ms="5251">
      <class name="TestCasePackage.TestCaseFiles">
        <test-method is-config="true" signature="browserLaunch()[pri:0, instance:TestCasePackage.TestCaseFiles@40cb698e]" started-at="2024-03-08T16:41:04 IST" name="browserLaunch" finished-at="2024-03-08T16:41:08 IST" duration-ms="3833" status="PASS">
          <reporter-output>
          </reporter-output>
        </test-method> <!-- browserLaunch -->
        <test-method signature="openurl()[pri:0, instance:TestCasePackage.TestCaseFiles@40cb698e]" started-at="2024-03-08T16:41:08 IST" name="openurl" finished-at="2024-03-08T16:41:09 IST" duration-ms="1202" status="PASS">
          <reporter-output>
          </reporter-output>
        </test-method> <!-- openurl -->
      </class> <!-- TestCasePackage.TestCaseFiles -->
    </test> <!-- Default test -->
  </suite> <!-- Default suite -->
</testng-results>
